<?xml version="1.0" encoding="UTF-8"?>
<!-- Generated by org.testng.reporters.JUnitXMLReporter -->
<testsuite ignored="3" hostname="LAPTOP-OBP931AB" failures="0" tests="4" name="Test" time="36.579" errors="0" timestamp="2025-02-28T00:04:13 IST">
  <testcase classname="testpkg.Logintest" name="test" time="4.199"/>
  <testcase classname="testpkg.Hometest" name="test" time="7.134"/>
  <testcase classname="testpkg.Checkouttest" name="test" time="8.225"/>
  <testcase classname="testpkg.logouttest" name="test" time="7.256"/>
  <testcase classname="basepkg.Basecls" name="@BeforeTest setUp" time="0.0">
    <ignored/>
  </testcase> <!-- @BeforeTest setUp -->
  <testcase classname="basepkg.Basecls" name="@BeforeTest setUp" time="0.0">
    <ignored/>
  </testcase> <!-- @BeforeTest setUp -->
  <testcase classname="basepkg.Basecls" name="@BeforeTest setUp" time="0.0">
    <ignored/>
  </testcase> <!-- @BeforeTest setUp -->
</testsuite> <!-- Test -->
