<?xml version="1.0" encoding="UTF-8"?>
<testng-results ignored="3" total="7" passed="4" failed="0" skipped="0">
  <reporter-output>
  </reporter-output>
  <suite started-at="2025-02-28T00:03:36 IST" name="Suite" finished-at="2025-02-28T00:04:13 IST" duration-ms="36579">
    <groups>
    </groups>
    <test started-at="2025-02-28T00:03:36 IST" name="Test" finished-at="2025-02-28T00:04:13 IST" duration-ms="36579">
      <class name="testpkg.logouttest">
        <test-method signature="test()[pri:0, instance:testpkg.logouttest@49049a04]" started-at="2025-02-28T00:04:05 IST" name="test" finished-at="2025-02-28T00:04:13 IST" duration-ms="7256" status="PASS">
          <reporter-output>
          </reporter-output>
        </test-method> <!-- test -->
      </class> <!-- testpkg.logouttest -->
      <class name="testpkg.Logintest">
        <test-method is-config="true" signature="setUp()[pri:0, instance:testpkg.Logintest@21282ed8]" started-at="2025-02-28T00:03:36 IST" name="setUp" finished-at="2025-02-28T00:03:46 IST" duration-ms="9681" status="PASS">
          <reporter-output>
          </reporter-output>
        </test-method> <!-- setUp -->
        <test-method signature="test()[pri:0, instance:testpkg.Logintest@21282ed8]" started-at="2025-02-28T00:03:46 IST" name="test" finished-at="2025-02-28T00:03:50 IST" duration-ms="4199" status="PASS">
          <reporter-output>
          </reporter-output>
        </test-method> <!-- test -->
      </class> <!-- testpkg.Logintest -->
      <class name="testpkg.Checkouttest">
        <test-method signature="test()[pri:0, instance:testpkg.Checkouttest@6253c26]" started-at="2025-02-28T00:03:57 IST" name="test" finished-at="2025-02-28T00:04:05 IST" duration-ms="8225" status="PASS">
          <reporter-output>
          </reporter-output>
        </test-method> <!-- test -->
      </class> <!-- testpkg.Checkouttest -->
      <class name="testpkg.Hometest">
        <test-method signature="test()[pri:0, instance:testpkg.Hometest@67f639d3]" started-at="2025-02-28T00:03:50 IST" name="test" finished-at="2025-02-28T00:03:57 IST" duration-ms="7134" status="PASS">
          <reporter-output>
          </reporter-output>
        </test-method> <!-- test -->
      </class> <!-- testpkg.Hometest -->
    </test> <!-- Test -->
  </suite> <!-- Suite -->
</testng-results>
